This is TeX, Version 3.14159 (Web2C 7.2) (format=latex 1998.10.6)  21 APR 1999 15:05
**adi3
(adi3.tex
LaTeX2e <1998/06/01>
(/home/gropp/texhome/share/texmf/tex/latex/base/article.cls
Document Class: article 1998/05/05 v1.3y Standard LaTeX document class
(/home/gropp/texhome/share/texmf/tex/latex/base/size10.clo
File: size10.clo 1998/05/05 v1.3y Standard LaTeX file (size option)
)
\c@part=\count79
\c@section=\count80
\c@subsection=\count81
\c@subsubsection=\count82
\c@paragraph=\count83
\c@subparagraph=\count84
\c@figure=\count85
\c@table=\count86
\abovecaptionskip=\skip41
\belowcaptionskip=\skip42
\bibindent=\dimen102
)
(/home/gropp/texhome/share/texmf/tex/latex/dvips/epsf.sty
(/home/gropp/texhome/share/texmf/tex/latex209/epsf.tex
\epsffilein=\read1
\epsfxsize=\dimen103
\epsfysize=\dimen104
\epsftsize=\dimen105
\epsfrsize=\dimen106
\epsftmp=\dimen107
\pspoints=\dimen108
)) (adi3.aux)
\openout1 = `adi3.aux'.

LaTeX Font Info:    Checking defaults for OML/cmm/m/it on input line 5.
LaTeX Font Info:    ... okay on input line 5.
LaTeX Font Info:    Checking defaults for T1/cmr/m/n on input line 5.
LaTeX Font Info:    ... okay on input line 5.
LaTeX Font Info:    Checking defaults for OT1/cmr/m/n on input line 5.
LaTeX Font Info:    ... okay on input line 5.
LaTeX Font Info:    Checking defaults for OMS/cmsy/m/n on input line 5.
LaTeX Font Info:    ... okay on input line 5.
LaTeX Font Info:    Checking defaults for OMX/cmex/m/n on input line 5.
LaTeX Font Info:    ... okay on input line 5.
LaTeX Font Info:    Checking defaults for U/cmr/m/n on input line 5.
LaTeX Font Info:    ... okay on input line 5.
LaTeX Font Info:    External font `cmex10' loaded for size
(Font)              <12> on input line 8.
LaTeX Font Info:    External font `cmex10' loaded for size
(Font)              <8> on input line 8.
LaTeX Font Info:    External font `cmex10' loaded for size
(Font)              <6> on input line 8.


LaTeX Warning: Citation `techreport' on page 1 undefined on input line 16.

[1

] [2] (adi3.bbl

LaTeX Warning: Empty `thebibliography' environment on input line 3.

) [3] [4] (adi3.aux)

LaTeX Warning: There were undefined references.

 ) 
Here is how much of TeX's memory you used:
 281 strings out of 10978
 2949 string characters out of 73446
 47633 words of memory out of 263001
 3206 multiletter control sequences out of 10000+0
 8063 words of font info for 29 fonts, out of 200000 for 1000
 14 hyphenation exceptions out of 1000
 23i,6n,22p,127b,260s stack positions out of 300i,100n,500p,30000b,4000s

Output written on adi3.dvi (4 pages, 6684 bytes).
